<?xml version="1.0" encoding="UTF-8"?>
<testng-results skipped="0" failed="0" ignored="0" total="1" passed="1">
  <reporter-output>
  </reporter-output>
  <suite name="Default suite" duration-ms="55096" started-at="2020-04-29T23:48:52 IST" finished-at="2020-04-29T23:49:47 IST">
    <groups>
    </groups>
    <test name="Default test" duration-ms="55096" started-at="2020-04-29T23:48:52 IST" finished-at="2020-04-29T23:49:47 IST">
      <class name="com.github.frostyaxe.frostylight.testClasses.FlightSearch">
        <test-method status="PASS" signature="openApp()[pri:0, instance:com.github.frostyaxe.frostylight.testClasses.FlightSearch@231f98ef]" name="openApp" is-config="true" duration-ms="7421" started-at="2020-04-29T23:48:45 IST" finished-at="2020-04-29T23:48:52 IST">
          <reporter-output>
          </reporter-output>
        </test-method> <!-- openApp -->
        <test-method status="PASS" signature="test()[pri:0, instance:com.github.frostyaxe.frostylight.testClasses.FlightSearch@231f98ef]" name="test" duration-ms="55067" started-at="2020-04-29T23:48:52 IST" finished-at="2020-04-29T23:49:47 IST">
          <reporter-output>
          </reporter-output>
        </test-method> <!-- test -->
        <test-method status="PASS" signature="tearDown()[pri:0, instance:com.github.frostyaxe.frostylight.testClasses.FlightSearch@231f98ef]" name="tearDown" is-config="true" duration-ms="694" started-at="2020-04-29T23:49:47 IST" finished-at="2020-04-29T23:49:48 IST">
          <reporter-output>
          </reporter-output>
        </test-method> <!-- tearDown -->
      </class> <!-- com.github.frostyaxe.frostylight.testClasses.FlightSearch -->
    </test> <!-- Default test -->
  </suite> <!-- Default suite -->
</testng-results>
